[dnpgames.godaddysites.com/index.html]
[backblue.gif]
[fade.gif]
[index.html]
[dnpgames.godaddysites.com/manifest.webmanifest]
[img1.wsimg.com/poly/v2/polyfill.minc53b.js]
[img1.wsimg.com/blobby/go/77ddb91d-7cfb-4359-9efa-04f3ff8a1dbf/gpub/fa9f889701851ff1/script.js]
[dnpgames.godaddysites.com/sw.js]
[dnpgames.godaddysites.com/gmod.html]
[dnpgames.godaddysites.com/minecraft.html]
[dnpgames.godaddysites.com/donations.html]
[img1.wsimg.com/tcc/tcc_l.combined.1.0.6.min.js]
[dnpgames.godaddysites.com/index.html]
[dnpgames.godaddysites.com/gmod.html]
[dnpgames.godaddysites.com/minecraft.html]
[www.paypalobjects.com/webstatic/icon/pp258.png]
[www.paypalobjects.com/webstatic/en_US/i/buttons/cc-badges-ppmcvdam.png]
[dnpgames.godaddysites.com/donations.html]
[img1.wsimg.com/ceph-p3-01/website-builder-data-prod/static/widgets/UX.4.6.5.js]
[img1.wsimg.com/tcc/tcc_l.combined.1.0.6.min.js]
